<?xml version="1.0" encoding="UTF-8"?>
<!-- Generated by org.testng.reporters.JUnitXMLReporter -->
<testsuite ignored="0" hostname="LAPTOP-A6LF78UQ" failures="1" tests="1" name="Edge Browser" time="34.413" errors="0" timestamp="2024-12-01T18:20:50 IST">
  <testcase classname="testcases.Testcase1" name="verifyPageTitle" time="21.079">
    <failure type="java.lang.AssertionError" message="expected [Home Page] but found [Home - Mailinator]">
      <![CDATA[java.lang.AssertionError: expected [Home Page] but found [Home - Mailinator]
at testcases.Testcase1.verifyTitle(Testcase1.java:29)
at testcases.Testcase1.verifyPageTitle(Testcase1.java:24)
at java.base/java.util.ArrayList.forEach(ArrayList.java:1511)
at java.base/java.util.concurrent.FutureTask.run(FutureTask.java:264)
at java.base/java.util.concurrent.ThreadPoolExecutor.runWorker(ThreadPoolExecutor.java:1136)
at java.base/java.util.concurrent.ThreadPoolExecutor$Worker.run(ThreadPoolExecutor.java:635)
at java.base/java.lang.Thread.run(Thread.java:833)
... Removed 24 stack frames]]>
    </failure>
  </testcase> <!-- verifyPageTitle -->
</testsuite> <!-- Edge Browser -->
