<?xml version="1.0" encoding="UTF-8"?>
<testng-results ignored="0" total="12" passed="12" failed="0" skipped="0">
  <reporter-output>
  </reporter-output>
  <suite started-at="2024-10-16T23:03:38 IST" name="Suite" finished-at="2024-10-16T23:04:11 IST" duration-ms="32884">
    <groups>
    </groups>
    <test started-at="2024-10-16T23:03:38 IST" name="Firefox Browser" finished-at="2024-10-16T23:04:08 IST" duration-ms="30347">
      <class name="testcases.Testcase1">
        <test-method is-config="true" signature="setupDriver(java.lang.String)[pri:0, instance:testcases.Testcase1@306e95ec]" started-at="2024-10-16T23:03:38 IST" name="setupDriver" finished-at="2024-10-16T23:03:50 IST" duration-ms="12238" status="PASS">
          <params>
            <param index="0">
              <value>
                <![CDATA[firefox]]>
              </value>
            </param>
          </params>
          <reporter-output>
          </reporter-output>
        </test-method> <!-- setupDriver -->
        <test-method signature="setupDriver(java.lang.String)[pri:0, instance:testcases.Testcase1@306e95ec]" started-at="2024-10-16T23:03:50 IST" name="setupDriver" finished-at="2024-10-16T23:03:50 IST" duration-ms="4" status="PASS">
          <params>
            <param index="0">
              <value>
                <![CDATA[firefox]]>
              </value>
            </param>
          </params>
          <reporter-output>
          </reporter-output>
        </test-method> <!-- setupDriver -->
        <test-method signature="testcase1()[pri:0, instance:testcases.Testcase1@306e95ec]" started-at="2024-10-16T23:03:50 IST" name="testcase1" finished-at="2024-10-16T23:04:03 IST" duration-ms="12639" status="PASS">
          <reporter-output>
          </reporter-output>
        </test-method> <!-- testcase1 -->
        <test-method is-config="true" signature="clearBrowserAndReleaseThread()[pri:0, instance:testcases.Testcase1@306e95ec]" started-at="2024-10-16T23:04:03 IST" name="clearBrowserAndReleaseThread" finished-at="2024-10-16T23:04:08 IST" duration-ms="5425" status="PASS">
          <reporter-output>
          </reporter-output>
        </test-method> <!-- clearBrowserAndReleaseThread -->
      </class> <!-- testcases.Testcase1 -->
    </test> <!-- Firefox Browser -->
    <test started-at="2024-10-16T23:03:38 IST" name="Firefox Browser2" finished-at="2024-10-16T23:04:10 IST" duration-ms="31874">
      <class name="testcases.Testcase1">
        <test-method is-config="true" signature="setupDriver(java.lang.String)[pri:0, instance:testcases.Testcase1@54bff557]" started-at="2024-10-16T23:03:38 IST" name="setupDriver" finished-at="2024-10-16T23:03:58 IST" duration-ms="19512" status="PASS">
          <params>
            <param index="0">
              <value>
                <![CDATA[firefox]]>
              </value>
            </param>
          </params>
          <reporter-output>
          </reporter-output>
        </test-method> <!-- setupDriver -->
        <test-method signature="setupDriver(java.lang.String)[pri:0, instance:testcases.Testcase1@54bff557]" started-at="2024-10-16T23:03:58 IST" name="setupDriver" finished-at="2024-10-16T23:03:58 IST" duration-ms="1" status="PASS">
          <params>
            <param index="0">
              <value>
                <![CDATA[firefox]]>
              </value>
            </param>
          </params>
          <reporter-output>
          </reporter-output>
        </test-method> <!-- setupDriver -->
        <test-method signature="testcase1()[pri:0, instance:testcases.Testcase1@54bff557]" started-at="2024-10-16T23:03:58 IST" name="testcase1" finished-at="2024-10-16T23:04:02 IST" duration-ms="4905" status="PASS">
          <reporter-output>
          </reporter-output>
        </test-method> <!-- testcase1 -->
        <test-method is-config="true" signature="clearBrowserAndReleaseThread()[pri:0, instance:testcases.Testcase1@54bff557]" started-at="2024-10-16T23:04:03 IST" name="clearBrowserAndReleaseThread" finished-at="2024-10-16T23:04:10 IST" duration-ms="7420" status="PASS">
          <reporter-output>
          </reporter-output>
        </test-method> <!-- clearBrowserAndReleaseThread -->
      </class> <!-- testcases.Testcase1 -->
    </test> <!-- Firefox Browser2 -->
    <test started-at="2024-10-16T23:03:38 IST" name="Chrome Browser" finished-at="2024-10-16T23:04:10 IST" duration-ms="31957">
      <class name="testcases.Testcase1">
        <test-method is-config="true" signature="setupDriver(java.lang.String)[pri:0, instance:testcases.Testcase1@57d7f8ca]" started-at="2024-10-16T23:03:38 IST" name="setupDriver" finished-at="2024-10-16T23:03:46 IST" duration-ms="7795" status="PASS">
          <params>
            <param index="0">
              <value>
                <![CDATA[chrome]]>
              </value>
            </param>
          </params>
          <reporter-output>
          </reporter-output>
        </test-method> <!-- setupDriver -->
        <test-method signature="setupDriver(java.lang.String)[pri:0, instance:testcases.Testcase1@57d7f8ca]" started-at="2024-10-16T23:03:46 IST" name="setupDriver" finished-at="2024-10-16T23:03:46 IST" duration-ms="3" status="PASS">
          <params>
            <param index="0">
              <value>
                <![CDATA[chrome]]>
              </value>
            </param>
          </params>
          <reporter-output>
          </reporter-output>
        </test-method> <!-- setupDriver -->
        <test-method signature="testcase1()[pri:0, instance:testcases.Testcase1@57d7f8ca]" started-at="2024-10-16T23:03:46 IST" name="testcase1" finished-at="2024-10-16T23:04:08 IST" duration-ms="22455" status="PASS">
          <reporter-output>
          </reporter-output>
        </test-method> <!-- testcase1 -->
        <test-method is-config="true" signature="clearBrowserAndReleaseThread()[pri:0, instance:testcases.Testcase1@57d7f8ca]" started-at="2024-10-16T23:04:08 IST" name="clearBrowserAndReleaseThread" finished-at="2024-10-16T23:04:10 IST" duration-ms="1671" status="PASS">
          <reporter-output>
          </reporter-output>
        </test-method> <!-- clearBrowserAndReleaseThread -->
      </class> <!-- testcases.Testcase1 -->
    </test> <!-- Chrome Browser -->
    <test started-at="2024-10-16T23:03:38 IST" name="Chrome Browser2" finished-at="2024-10-16T23:04:10 IST" duration-ms="31966">
      <class name="testcases.Testcase1">
        <test-method is-config="true" signature="setupDriver(java.lang.String)[pri:0, instance:testcases.Testcase1@342c38f8]" started-at="2024-10-16T23:03:38 IST" name="setupDriver" finished-at="2024-10-16T23:03:45 IST" duration-ms="7081" status="PASS">
          <params>
            <param index="0">
              <value>
                <![CDATA[chrome]]>
              </value>
            </param>
          </params>
          <reporter-output>
          </reporter-output>
        </test-method> <!-- setupDriver -->
        <test-method signature="setupDriver(java.lang.String)[pri:0, instance:testcases.Testcase1@342c38f8]" started-at="2024-10-16T23:03:45 IST" name="setupDriver" finished-at="2024-10-16T23:03:45 IST" duration-ms="1" status="PASS">
          <params>
            <param index="0">
              <value>
                <![CDATA[chrome]]>
              </value>
            </param>
          </params>
          <reporter-output>
          </reporter-output>
        </test-method> <!-- setupDriver -->
        <test-method signature="testcase1()[pri:0, instance:testcases.Testcase1@342c38f8]" started-at="2024-10-16T23:03:45 IST" name="testcase1" finished-at="2024-10-16T23:04:09 IST" duration-ms="23892" status="PASS">
          <reporter-output>
          </reporter-output>
        </test-method> <!-- testcase1 -->
        <test-method is-config="true" signature="clearBrowserAndReleaseThread()[pri:0, instance:testcases.Testcase1@342c38f8]" started-at="2024-10-16T23:04:09 IST" name="clearBrowserAndReleaseThread" finished-at="2024-10-16T23:04:10 IST" duration-ms="959" status="PASS">
          <reporter-output>
          </reporter-output>
        </test-method> <!-- clearBrowserAndReleaseThread -->
      </class> <!-- testcases.Testcase1 -->
    </test> <!-- Chrome Browser2 -->
    <test started-at="2024-10-16T23:03:38 IST" name="Edge Browser2" finished-at="2024-10-16T23:04:10 IST" duration-ms="32425">
      <class name="testcases.Testcase1">
        <test-method is-config="true" signature="setupDriver(java.lang.String)[pri:0, instance:testcases.Testcase1@5b03b9fe]" started-at="2024-10-16T23:03:38 IST" name="setupDriver" finished-at="2024-10-16T23:03:43 IST" duration-ms="5264" status="PASS">
          <params>
            <param index="0">
              <value>
                <![CDATA[edge]]>
              </value>
            </param>
          </params>
          <reporter-output>
          </reporter-output>
        </test-method> <!-- setupDriver -->
        <test-method signature="setupDriver(java.lang.String)[pri:0, instance:testcases.Testcase1@5b03b9fe]" started-at="2024-10-16T23:03:43 IST" name="setupDriver" finished-at="2024-10-16T23:03:43 IST" duration-ms="5" status="PASS">
          <params>
            <param index="0">
              <value>
                <![CDATA[edge]]>
              </value>
            </param>
          </params>
          <reporter-output>
          </reporter-output>
        </test-method> <!-- setupDriver -->
        <test-method signature="testcase1()[pri:0, instance:testcases.Testcase1@5b03b9fe]" started-at="2024-10-16T23:03:43 IST" name="testcase1" finished-at="2024-10-16T23:04:06 IST" duration-ms="22178" status="PASS">
          <reporter-output>
          </reporter-output>
        </test-method> <!-- testcase1 -->
        <test-method is-config="true" signature="clearBrowserAndReleaseThread()[pri:0, instance:testcases.Testcase1@5b03b9fe]" started-at="2024-10-16T23:04:06 IST" name="clearBrowserAndReleaseThread" finished-at="2024-10-16T23:04:10 IST" duration-ms="4932" status="PASS">
          <reporter-output>
          </reporter-output>
        </test-method> <!-- clearBrowserAndReleaseThread -->
      </class> <!-- testcases.Testcase1 -->
    </test> <!-- Edge Browser2 -->
    <test started-at="2024-10-16T23:03:38 IST" name="Edge Browser" finished-at="2024-10-16T23:04:11 IST" duration-ms="32884">
      <class name="testcases.Testcase1">
        <test-method is-config="true" signature="setupDriver(java.lang.String)[pri:0, instance:testcases.Testcase1@209da20d]" started-at="2024-10-16T23:03:38 IST" name="setupDriver" finished-at="2024-10-16T23:03:46 IST" duration-ms="7641" status="PASS">
          <params>
            <param index="0">
              <value>
                <![CDATA[edge]]>
              </value>
            </param>
          </params>
          <reporter-output>
          </reporter-output>
        </test-method> <!-- setupDriver -->
        <test-method signature="setupDriver(java.lang.String)[pri:0, instance:testcases.Testcase1@209da20d]" started-at="2024-10-16T23:03:46 IST" name="setupDriver" finished-at="2024-10-16T23:03:46 IST" duration-ms="1" status="PASS">
          <params>
            <param index="0">
              <value>
                <![CDATA[edge]]>
              </value>
            </param>
          </params>
          <reporter-output>
          </reporter-output>
        </test-method> <!-- setupDriver -->
        <test-method signature="testcase1()[pri:0, instance:testcases.Testcase1@209da20d]" started-at="2024-10-16T23:03:46 IST" name="testcase1" finished-at="2024-10-16T23:03:59 IST" duration-ms="13765" status="PASS">
          <reporter-output>
          </reporter-output>
        </test-method> <!-- testcase1 -->
        <test-method is-config="true" signature="clearBrowserAndReleaseThread()[pri:0, instance:testcases.Testcase1@209da20d]" started-at="2024-10-16T23:03:59 IST" name="clearBrowserAndReleaseThread" finished-at="2024-10-16T23:04:11 IST" duration-ms="11442" status="PASS">
          <reporter-output>
          </reporter-output>
        </test-method> <!-- clearBrowserAndReleaseThread -->
      </class> <!-- testcases.Testcase1 -->
    </test> <!-- Edge Browser -->
  </suite> <!-- Suite -->
</testng-results>
